<?xml version="1.0" encoding="UTF-8"?>
<!-- Generated by org.testng.reporters.JUnitXMLReporter -->
<testsuite ignored="3" hostname="CS-AUTO-15" failures="0" tests="8" name="Regression" time="20.248" errors="0" timestamp="2023-01-24T17:41:12 IST">
  <testcase classname="Regression.TC002" name="logtest" time="0.368"/>
  <testcase classname="Regression.TC002" name="logtest2" time="0.019"/>
  <testcase classname="Regression.TC002" name="logtest3" time="0.017"/>
  <testcase classname="Regression.TC002" name="logtest4" time="0.017"/>
  <testcase classname="Regression.TC003" name="main2" time="0.729"/>
  <testcase classname="Regression.TC004" name="main1" time="0.014"/>
  <testcase classname="Regression.TestXpath" name="main1" time="9.237"/>
  <testcase classname="Regression.TC006" name="signup" time="9.096"/>
  <testcase classname="Regression.TC001" name="@BeforeTest reportname" time="0.0">
    <ignored/>
  </testcase> <!-- @BeforeTest reportname -->
  <testcase classname="Regression.TC001" name="@BeforeTest reportname" time="0.0">
    <ignored/>
  </testcase> <!-- @BeforeTest reportname -->
  <testcase classname="Regression.TC001" name="@BeforeTest reportname" time="0.0">
    <ignored/>
  </testcase> <!-- @BeforeTest reportname -->
</testsuite> <!-- Regression -->
