<?xml version="1.0" encoding="UTF-8"?>
<!-- Generated by org.testng.reporters.JUnitXMLReporter -->
<testsuite ignored="0" hostname="CS-AUTO-15" failures="0" tests="5" name="Test" time="9.206" errors="0" timestamp="2023-01-19T18:29:53 IST">
  <testcase classname="Regression.TestXpath" name="main1" time="8.809"/>
  <testcase classname="Regression.TC002" name="logtest" time="0.113"/>
  <testcase classname="Regression.TC002" name="logtest2" time="0.035"/>
  <testcase classname="Regression.TC002" name="logtest3" time="0.027"/>
  <testcase classname="Regression.TC002" name="logtest4" time="0.023"/>
</testsuite> <!-- Test -->
