<?xml version="1.0" encoding="UTF-8"?>
<!-- Generated by org.testng.reporters.JUnitXMLReporter -->
<testsuite ignored="0" hostname="CS-AUTO-15" failures="0" tests="9" name="Test" time="28.405" errors="0" timestamp="2023-01-23T19:25:59 IST">
  <testcase classname="Regression.TC002" name="logtest" time="0.341"/>
  <testcase classname="Regression.TC002" name="logtest2" time="0.028"/>
  <testcase classname="Regression.TC002" name="logtest3" time="0.018"/>
  <testcase classname="Regression.TC002" name="logtest4" time="0.017"/>
  <testcase classname="Regression.TC003" name="main2" time="0.702"/>
  <testcase classname="Regression.TC004" name="main1" time="0.003"/>
  <testcase classname="Regression.TestXpath" name="main1" time="9.041"/>
  <testcase classname="Regression.TC006" name="signup" time="10.019"/>
  <testcase classname="Regression.TestXpath" name="main1" time="8.033"/>
</testsuite> <!-- Test -->
