<?xml version="1.0" encoding="UTF-8"?>
<!-- Generated by org.testng.reporters.JUnitXMLReporter -->
<testsuite ignored="8" hostname="CS-AUTO-15" failures="0" tests="9" name="Regression" time="20.868" errors="0" timestamp="2023-04-20T18:52:55 IST">
  <testcase classname="Regression.TC002" name="logtest" time="0.395"/>
  <testcase classname="Regression.TC002" name="logtest2" time="0.019"/>
  <testcase classname="Regression.TC002" name="logtest3" time="0.015"/>
  <testcase classname="Regression.TC002" name="logtest4" time="0.015"/>
  <testcase classname="Regression.TC003" name="main2" time="1.015"/>
  <testcase classname="Regression.TC004" name="main1" time="0.012"/>
  <testcase classname="Regression.TC005" name="print" time="0.02"/>
  <testcase classname="Regression.TestXpath" name="main1" time="8.126"/>
  <testcase classname="Regression.TC006" name="signup" time="10.985"/>
  <testcase classname="Regression.TC001" name="@BeforeTest initialisation" time="0.0">
    <ignored/>
  </testcase> <!-- @BeforeTest initialisation -->
  <testcase classname="Regression.TC001" name="@BeforeTest initialisation" time="0.0">
    <ignored/>
  </testcase> <!-- @BeforeTest initialisation -->
  <testcase classname="Regression.TC001" name="@BeforeTest reportname" time="0.0">
    <ignored/>
  </testcase> <!-- @BeforeTest reportname -->
  <testcase classname="Regression.TC001" name="@BeforeTest initialisation" time="0.0">
    <ignored/>
  </testcase> <!-- @BeforeTest initialisation -->
  <testcase classname="Regression.TC001" name="@BeforeTest reportname" time="0.0">
    <ignored/>
  </testcase> <!-- @BeforeTest reportname -->
  <testcase classname="Regression.TC001" name="@BeforeTest reportname" time="0.0">
    <ignored/>
  </testcase> <!-- @BeforeTest reportname -->
  <testcase classname="Regression.TC001" name="@BeforeTest initialisation" time="0.0">
    <ignored/>
  </testcase> <!-- @BeforeTest initialisation -->
  <testcase classname="Regression.TC001" name="@BeforeTest reportname" time="0.0">
    <ignored/>
  </testcase> <!-- @BeforeTest reportname -->
</testsuite> <!-- Regression -->
