<?xml version="1.0" encoding="UTF-8"?>
<!-- Generated by org.testng.reporters.JUnitXMLReporter -->
<testsuite ignored="1" hostname="CS-AUTO-15" failures="0" tests="5" name="Smoke" time="10.567" errors="0" timestamp="2023-04-20T18:53:05 IST">
  <testcase classname="Smoke.TC002" name="logtest" time="0.063"/>
  <testcase classname="Smoke.TC002" name="logtest2" time="0.006"/>
  <testcase classname="Smoke.TC002" name="logtest3" time="0.006"/>
  <testcase classname="Smoke.TC002" name="logtest4" time="0.006"/>
  <testcase classname="Smoke.TestXpath" name="main1" time="10.48"/>
  <testcase classname="Smoke.TC001" name="@BeforeTest reportname" time="0.0">
    <ignored/>
  </testcase> <!-- @BeforeTest reportname -->
</testsuite> <!-- Smoke -->
