<?xml version="1.0" encoding="UTF-8"?>
<!-- Generated by org.testng.reporters.JUnitXMLReporter -->
<testsuite ignored="0" hostname="CS-AUTO-15" failures="0" tests="5" name="Test" time="9.726" errors="0" timestamp="2022-12-23T17:01:42 IST">
  <testcase classname="Regression.TC002" name="logtest" time="0.33"/>
  <testcase classname="Regression.TC002" name="logtest2" time="0.014"/>
  <testcase classname="Regression.TC002" name="logtest3" time="0.026"/>
  <testcase classname="Regression.TC002" name="logtest4" time="0.02"/>
  <testcase classname="Regression.TestXpath" name="main1" time="9.15"/>
</testsuite> <!-- Test -->
