<?xml version="1.0" encoding="UTF-8"?>
<!-- Generated by org.testng.reporters.JUnitXMLReporter -->
<testsuite ignored="0" hostname="CS-AUTO-15" failures="0" tests="7" name="Test" time="11.882" errors="0" timestamp="2023-01-19T18:33:06 IST">
  <testcase classname="Regression.TestXpath" name="main1" time="10.519"/>
  <testcase classname="Regression.TC002" name="logtest" time="0.106"/>
  <testcase classname="Regression.TC002" name="logtest2" time="0.028"/>
  <testcase classname="Regression.TC002" name="logtest3" time="0.041"/>
  <testcase classname="Regression.TC002" name="logtest4" time="0.024"/>
  <testcase classname="Regression.TC003" name="main2" time="0.935"/>
  <testcase classname="Regression.TC004" name="main1" time="0.002"/>
</testsuite> <!-- Test -->
