<?xml version="1.0" encoding="UTF-8"?>
<testng-results ignored="0" total="5" passed="5" failed="0" skipped="0">
  <reporter-output>
  </reporter-output>
  <suite started-at="2022-12-23T17:01:33 IST" name="Suite" finished-at="2022-12-23T17:01:42 IST" duration-ms="9726">
    <groups>
    </groups>
    <test started-at="2022-12-23T17:01:33 IST" name="Test" finished-at="2022-12-23T17:01:42 IST" duration-ms="9726">
      <class name="Regression.TestXpath">
        <test-method is-config="true" signature="setup()[pri:0, instance:Regression.TestXpath@e077866]" started-at="2022-12-23T17:01:33 IST" name="setup" finished-at="2022-12-23T17:01:33 IST" duration-ms="0" status="PASS">
          <reporter-output>
          </reporter-output>
        </test-method> <!-- setup -->
        <test-method signature="main1()[pri:0, instance:Regression.TestXpath@e077866]" started-at="2022-12-23T17:01:33 IST" name="main1" finished-at="2022-12-23T17:01:42 IST" duration-ms="9150" status="PASS">
          <reporter-output>
          </reporter-output>
        </test-method> <!-- main1 -->
      </class> <!-- Regression.TestXpath -->
      <class name="Regression.TC002">
        <test-method is-config="true" signature="setup()[pri:0, instance:Regression.TC002@75e91545]" started-at="2022-12-23T17:01:33 IST" name="setup" finished-at="2022-12-23T17:01:33 IST" duration-ms="146" status="PASS">
          <reporter-output>
          </reporter-output>
        </test-method> <!-- setup -->
        <test-method signature="logtest()[pri:0, instance:Regression.TC002@75e91545]" started-at="2022-12-23T17:01:33 IST" name="logtest" finished-at="2022-12-23T17:01:33 IST" duration-ms="330" status="PASS">
          <reporter-output>
          </reporter-output>
        </test-method> <!-- logtest -->
        <test-method signature="logtest2()[pri:0, instance:Regression.TC002@75e91545]" started-at="2022-12-23T17:01:33 IST" name="logtest2" finished-at="2022-12-23T17:01:33 IST" duration-ms="14" status="PASS">
          <reporter-output>
          </reporter-output>
        </test-method> <!-- logtest2 -->
        <test-method signature="logtest3()[pri:0, instance:Regression.TC002@75e91545]" started-at="2022-12-23T17:01:33 IST" name="logtest3" finished-at="2022-12-23T17:01:33 IST" duration-ms="26" status="PASS">
          <reporter-output>
          </reporter-output>
        </test-method> <!-- logtest3 -->
        <test-method signature="logtest4()[pri:0, instance:Regression.TC002@75e91545]" started-at="2022-12-23T17:01:33 IST" name="logtest4" finished-at="2022-12-23T17:01:33 IST" duration-ms="20" status="PASS">
          <reporter-output>
          </reporter-output>
        </test-method> <!-- logtest4 -->
      </class> <!-- Regression.TC002 -->
    </test> <!-- Test -->
  </suite> <!-- Suite -->
</testng-results>
