<?xml version="1.0" encoding="UTF-8"?>
<!-- Generated by org.testng.reporters.JUnitXMLReporter -->
<testsuite ignored="0" hostname="CS-AUTO-15" failures="0" tests="5" name="Test" time="27.452" errors="0" timestamp="2023-01-03T17:54:08 IST">
  <testcase classname="Regression.TC002" name="logtest" time="0.453"/>
  <testcase classname="Regression.TC002" name="logtest2" time="0.012"/>
  <testcase classname="Regression.TC002" name="logtest3" time="0.009"/>
  <testcase classname="Regression.TC002" name="logtest4" time="0.013"/>
  <testcase classname="Regression.TestXpath" name="main1" time="26.761"/>
</testsuite> <!-- Test -->
