<?xml version="1.0" encoding="UTF-8"?>
<testng-results ignored="0" total="1" passed="1" failed="0" skipped="0">
  <reporter-output>
  </reporter-output>
  <suite started-at="2023-01-24T12:23:26 IST" name="Default suite" finished-at="2023-01-24T12:23:40 IST" duration-ms="14099">
    <groups>
    </groups>
    <test started-at="2023-01-24T12:23:26 IST" name="Default test" finished-at="2023-01-24T12:23:40 IST" duration-ms="14099">
      <class name="Regression.TC006">
        <test-method is-config="true" signature="reportname()[pri:0, instance:Regression.TC006@3b35a229]" started-at="2023-01-24T12:23:26 IST" name="reportname" finished-at="2023-01-24T12:23:26 IST" duration-ms="33" status="PASS">
          <reporter-output>
          </reporter-output>
        </test-method> <!-- reportname -->
        <test-method is-config="true" signature="setup()[pri:0, instance:Regression.TC006@3b35a229]" started-at="2023-01-24T12:23:26 IST" name="setup" finished-at="2023-01-24T12:23:26 IST" duration-ms="149" status="PASS">
          <reporter-output>
          </reporter-output>
        </test-method> <!-- setup -->
        <test-method signature="signup()[pri:0, instance:Regression.TC006@3b35a229]" started-at="2023-01-24T12:23:26 IST" name="signup" finished-at="2023-01-24T12:23:40 IST" duration-ms="13883" status="PASS">
          <reporter-output>
          </reporter-output>
        </test-method> <!-- signup -->
      </class> <!-- Regression.TC006 -->
    </test> <!-- Default test -->
  </suite> <!-- Default suite -->
</testng-results>
