<?xml version="1.0" encoding="UTF-8"?>
<testng-results ignored="0" total="1" passed="1" failed="0" skipped="0">
  <reporter-output>
  </reporter-output>
  <suite started-at="2022-12-29T18:25:48 IST" name="Default suite" finished-at="2022-12-29T18:26:12 IST" duration-ms="24181">
    <groups>
    </groups>
    <test started-at="2022-12-29T18:25:48 IST" name="Default test" finished-at="2022-12-29T18:26:12 IST" duration-ms="24181">
      <class name="Regression.TestXpath">
        <test-method is-config="true" signature="reportname()[pri:0, instance:Regression.TestXpath@2fd1731c]" started-at="2022-12-29T18:25:48 IST" name="reportname" finished-at="2022-12-29T18:25:48 IST" duration-ms="17" status="PASS">
          <reporter-output>
          </reporter-output>
        </test-method> <!-- reportname -->
        <test-method is-config="true" signature="setup()[pri:0, instance:Regression.TestXpath@2fd1731c]" started-at="2022-12-29T18:25:48 IST" name="setup" finished-at="2022-12-29T18:25:48 IST" duration-ms="142" status="PASS">
          <reporter-output>
          </reporter-output>
        </test-method> <!-- setup -->
        <test-method signature="main1()[pri:0, instance:Regression.TestXpath@2fd1731c]" started-at="2022-12-29T18:25:48 IST" name="main1" finished-at="2022-12-29T18:26:12 IST" duration-ms="23990" status="PASS">
          <reporter-output>
          </reporter-output>
        </test-method> <!-- main1 -->
      </class> <!-- Regression.TestXpath -->
    </test> <!-- Default test -->
  </suite> <!-- Default suite -->
</testng-results>
